{
  "stats": {
    "suites": 1,
    "tests": 7,
    "passes": 7,
    "pending": 0,
    "failures": 0,
    "start": "2026-03-14T20:12:07.206Z",
    "end": "2026-03-14T20:12:10.016Z",
    "duration": 2810,
    "testsRegistered": 7,
    "passPercent": 100,
    "pendingPercent": 0,
    "other": 0,
    "hasOther": false,
    "skipped": 0,
    "hasSkipped": false
  },
  "results": [
    {
      "uuid": "00b17c56-32a7-4c0d-9a87-29b06cf1a471",
      "title": "",
      "fullFile": "cypress\\e2e\\1-loja-ebac\\Teste.API\\produtos.api.cy.js",
      "file": "cypress\\e2e\\1-loja-ebac\\Teste.API\\produtos.api.cy.js",
      "beforeHooks": [],
      "afterHooks": [],
      "tests": [],
      "suites": [
        {
          "uuid": "8e76ad77-f32f-46e5-bd69-a3eaeb7c9c94",
          "title": "Testes da Funcionalidade Produtos",
          "fullFile": "",
          "file": "",
          "beforeHooks": [],
          "afterHooks": [],
          "tests": [
            {
              "title": "Deve validar contrato de produtos",
              "fullTitle": "Testes da Funcionalidade Produtos Deve validar contrato de produtos",
              "timedOut": null,
              "duration": 498,
              "state": "passed",
              "speed": "fast",
              "pass": true,
              "fail": false,
              "pending": false,
              "context": null,
              "code": "cy.request(`${Cypress.env('apiUrl')}/produtos`).then(response => {\n  return _produtos.default.validateAsync(response.body);\n});",
              "err": {},
              "uuid": "c2a12d33-fd7e-4a2f-9a59-1afa7c944254",
              "parentUUID": "8e76ad77-f32f-46e5-bd69-a3eaeb7c9c94",
              "isHook": false,
              "skipped": false
            },
            {
              "title": "Deve listar os produtos cadastrados",
              "fullTitle": "Testes da Funcionalidade Produtos Deve listar os produtos cadastrados",
              "timedOut": null,
              "duration": 240,
              "state": "passed",
              "speed": "fast",
              "pass": true,
              "fail": false,
              "pending": false,
              "context": null,
              "code": "cy.request({\n  method: 'GET',\n  url: `${Cypress.env('apiUrl')}/produtos`\n}).then(response => {\n  //expect(response.body.produtos[9].nome).to.equal('Produto EBAC 436746')\n  expect(response.status).to.equal(200);\n  expect(response.body).to.have.property('produtos');\n  expect(response.duration).to.be.lessThan(2000);\n});",
              "err": {},
              "uuid": "6f67b435-127d-49d0-a1f2-36dcccd7973c",
              "parentUUID": "8e76ad77-f32f-46e5-bd69-a3eaeb7c9c94",
              "isHook": false,
              "skipped": false
            },
            {
              "title": "Deve cadastrar um produto com sucesso",
              "fullTitle": "Testes da Funcionalidade Produtos Deve cadastrar um produto com sucesso",
              "timedOut": null,
              "duration": 223,
              "state": "passed",
              "speed": "fast",
              "pass": true,
              "fail": false,
              "pending": false,
              "context": null,
              "code": "let produto = `Produto EBAC ${Math.floor(Math.random() * 100000000)}`;\ncy.request({\n  method: 'POST',\n  url: `${Cypress.env('apiUrl')}/produtos`,\n  body: {\n    \"nome\": produto,\n    \"preco\": 200,\n    \"descricao\": \"Produto novo\",\n    \"quantidade\": 100\n  },\n  headers: {\n    authorization: token\n  }\n}).then(response => {\n  expect(response.status).to.equal(201);\n  expect(response.body.message).to.equal('Cadastro realizado com sucesso');\n});",
              "err": {},
              "uuid": "8b53cc9b-944f-4bff-9f96-b6509ed82b7f",
              "parentUUID": "8e76ad77-f32f-46e5-bd69-a3eaeb7c9c94",
              "isHook": false,
              "skipped": false
            },
            {
              "title": "Deve validar mensagem de erro ao cadastrar produto repetido",
              "fullTitle": "Testes da Funcionalidade Produtos Deve validar mensagem de erro ao cadastrar produto repetido",
              "timedOut": null,
              "duration": 433,
              "state": "passed",
              "speed": "fast",
              "pass": true,
              "fail": false,
              "pending": false,
              "context": null,
              "code": "let produto = `Produto EBAC DUP ${Math.floor(Math.random() * 100000000)}`;\ncy.cadastrarProduto(token, produto, 250, \"Descrição do produto novo\", 180).then(response => {\n  expect(response.status).to.equal(201);\n  cy.cadastrarProduto(token, produto, 250, \"Descrição do produto novo\", 180).then(responseRepetido => {\n    expect(responseRepetido.status).to.equal(400);\n    expect(responseRepetido.body.message).to.equal('Já existe produto com esse nome');\n  });\n});",
              "err": {},
              "uuid": "6e3ad067-80d4-4c98-bf72-58c4c8183834",
              "parentUUID": "8e76ad77-f32f-46e5-bd69-a3eaeb7c9c94",
              "isHook": false,
              "skipped": false
            },
            {
              "title": "Deve editar um produto já cadastrado",
              "fullTitle": "Testes da Funcionalidade Produtos Deve editar um produto já cadastrado",
              "timedOut": null,
              "duration": 463,
              "state": "passed",
              "speed": "fast",
              "pass": true,
              "fail": false,
              "pending": false,
              "context": null,
              "code": "cy.request(`${Cypress.env('apiUrl')}/produtos`).then(response => {\n  let id = response.body.produtos[0]._id;\n  let produtoEditado = `Produto Editado ${Math.floor(Math.random() * 100000000)}`;\n  cy.request({\n    method: 'PUT',\n    url: `${Cypress.env('apiUrl')}/produtos/${id}`,\n    headers: {\n      authorization: token\n    },\n    body: {\n      \"nome\": produtoEditado,\n      \"preco\": 100,\n      \"descricao\": \"Produto editado\",\n      \"quantidade\": 100\n    }\n  }).then(response => {\n    expect(response.body.message).to.equal('Registro alterado com sucesso');\n  });\n});",
              "err": {},
              "uuid": "cbbc206e-4221-455a-b18f-e5302b6ff4a2",
              "parentUUID": "8e76ad77-f32f-46e5-bd69-a3eaeb7c9c94",
              "isHook": false,
              "skipped": false
            },
            {
              "title": "Deve editar um produto cadastrado previamente",
              "fullTitle": "Testes da Funcionalidade Produtos Deve editar um produto cadastrado previamente",
              "timedOut": null,
              "duration": 416,
              "state": "passed",
              "speed": "fast",
              "pass": true,
              "fail": false,
              "pending": false,
              "context": null,
              "code": "let produto = `Produto EBAC ${Math.floor(Math.random() * 100000000)}`;\ncy.cadastrarProduto(token, produto, 250, \"Descrição do produto novo\", 180).then(response => {\n  let id = response.body._id;\n  cy.request({\n    method: 'PUT',\n    url: `${Cypress.env('apiUrl')}/produtos/${id}`,\n    headers: {\n      authorization: token\n    },\n    body: {\n      \"nome\": produto,\n      \"preco\": 200,\n      \"descricao\": \"Produto editado\",\n      \"quantidade\": 300\n    }\n  }).then(response => {\n    expect(response.body.message).to.equal('Registro alterado com sucesso');\n  });\n});",
              "err": {},
              "uuid": "b82497b7-b103-45df-86a9-a428ccd4db4b",
              "parentUUID": "8e76ad77-f32f-46e5-bd69-a3eaeb7c9c94",
              "isHook": false,
              "skipped": false
            },
            {
              "title": "Deve deletar um produto previamente cadastrado",
              "fullTitle": "Testes da Funcionalidade Produtos Deve deletar um produto previamente cadastrado",
              "timedOut": null,
              "duration": 436,
              "state": "passed",
              "speed": "fast",
              "pass": true,
              "fail": false,
              "pending": false,
              "context": null,
              "code": "let produto = `Produto EBAC ${Math.floor(Math.random() * 100000000)}`;\ncy.cadastrarProduto(token, produto, 250, \"Descrição do produto novo\", 180).then(response => {\n  let id = response.body._id;\n  cy.request({\n    method: 'DELETE',\n    url: `${Cypress.env('apiUrl')}/produtos/${id}`,\n    headers: {\n      authorization: token\n    }\n  }).then(response => {\n    expect(response.body.message).to.equal('Registro excluído com sucesso');\n    expect(response.status).to.equal(200);\n  });\n});",
              "err": {},
              "uuid": "ca0d9196-4296-4adc-9037-2a3f06848109",
              "parentUUID": "8e76ad77-f32f-46e5-bd69-a3eaeb7c9c94",
              "isHook": false,
              "skipped": false
            }
          ],
          "suites": [],
          "passes": [
            "c2a12d33-fd7e-4a2f-9a59-1afa7c944254",
            "6f67b435-127d-49d0-a1f2-36dcccd7973c",
            "8b53cc9b-944f-4bff-9f96-b6509ed82b7f",
            "6e3ad067-80d4-4c98-bf72-58c4c8183834",
            "cbbc206e-4221-455a-b18f-e5302b6ff4a2",
            "b82497b7-b103-45df-86a9-a428ccd4db4b",
            "ca0d9196-4296-4adc-9037-2a3f06848109"
          ],
          "failures": [],
          "pending": [],
          "skipped": [],
          "duration": 2709,
          "root": false,
          "rootEmpty": false,
          "_timeout": 2000
        }
      ],
      "passes": [],
      "failures": [],
      "pending": [],
      "skipped": [],
      "duration": 0,
      "root": true,
      "rootEmpty": true,
      "_timeout": 2000
    }
  ],
  "meta": {
    "mocha": {
      "version": "7.0.1"
    },
    "mochawesome": {
      "options": {
        "quiet": false,
        "reportFilename": "mochawesome",
        "saveHtml": false,
        "saveJson": true,
        "consoleReporter": "spec",
        "useInlineDiffs": false,
        "code": true
      },
      "version": "7.1.4"
    },
    "marge": {
      "options": {
        "reportDir": "cypress/reports",
        "overwrite": false,
        "html": false,
        "json": true
      },
      "version": "6.3.2"
    }
  }
}