{
  "stats": {
    "suites": 12,
    "tests": 48,
    "passes": 48,
    "pending": 0,
    "failures": 0,
    "testsRegistered": 48,
    "passPercent": 100,
    "pendingPercent": 0,
    "other": 0,
    "hasOther": false,
    "skipped": 0,
    "hasSkipped": false,
    "start": "2026-03-14T20:08:57.968Z",
    "end": "2026-03-14T20:39:20.874Z",
    "duration": 1822906
  },
  "results": [
    {
      "uuid": "f8b10704-fb4b-4f75-ad8b-e3e7ccc9e3e9",
      "title": "",
      "fullFile": "cypress\\e2e\\1-loja-ebac\\Teste.API\\produtos.api.cy.js",
      "file": "cypress\\e2e\\1-loja-ebac\\Teste.API\\produtos.api.cy.js",
      "beforeHooks": [],
      "afterHooks": [],
      "tests": [],
      "suites": [
        {
          "uuid": "fa66f750-2b46-4f5f-ae08-ae60815c83cf",
          "title": "Testes da Funcionalidade Produtos",
          "fullFile": "",
          "file": "",
          "beforeHooks": [],
          "afterHooks": [],
          "tests": [
            {
              "title": "Deve validar contrato de produtos",
              "fullTitle": "Testes da Funcionalidade Produtos Deve validar contrato de produtos",
              "timedOut": null,
              "duration": 453,
              "state": "passed",
              "speed": "fast",
              "pass": true,
              "fail": false,
              "pending": false,
              "context": null,
              "code": "cy.request(`${Cypress.env('apiUrl')}/produtos`).then(response => {\n  return _produtos.default.validateAsync(response.body);\n});",
              "err": {},
              "uuid": "6d3a7107-469e-4e0b-9a7e-0ec87d4003bd",
              "parentUUID": "fa66f750-2b46-4f5f-ae08-ae60815c83cf",
              "isHook": false,
              "skipped": false
            },
            {
              "title": "Deve listar os produtos cadastrados",
              "fullTitle": "Testes da Funcionalidade Produtos Deve listar os produtos cadastrados",
              "timedOut": null,
              "duration": 238,
              "state": "passed",
              "speed": "fast",
              "pass": true,
              "fail": false,
              "pending": false,
              "context": null,
              "code": "cy.request({\n  method: 'GET',\n  url: `${Cypress.env('apiUrl')}/produtos`\n}).then(response => {\n  //expect(response.body.produtos[9].nome).to.equal('Produto EBAC 436746')\n  expect(response.status).to.equal(200);\n  expect(response.body).to.have.property('produtos');\n  expect(response.duration).to.be.lessThan(2000);\n});",
              "err": {},
              "uuid": "f78543da-104a-4042-8440-57d48951651f",
              "parentUUID": "fa66f750-2b46-4f5f-ae08-ae60815c83cf",
              "isHook": false,
              "skipped": false
            },
            {
              "title": "Deve cadastrar um produto com sucesso",
              "fullTitle": "Testes da Funcionalidade Produtos Deve cadastrar um produto com sucesso",
              "timedOut": null,
              "duration": 222,
              "state": "passed",
              "speed": "fast",
              "pass": true,
              "fail": false,
              "pending": false,
              "context": null,
              "code": "let produto = `Produto EBAC ${Math.floor(Math.random() * 100000000)}`;\ncy.request({\n  method: 'POST',\n  url: `${Cypress.env('apiUrl')}/produtos`,\n  body: {\n    \"nome\": produto,\n    \"preco\": 200,\n    \"descricao\": \"Produto novo\",\n    \"quantidade\": 100\n  },\n  headers: {\n    authorization: token\n  }\n}).then(response => {\n  expect(response.status).to.equal(201);\n  expect(response.body.message).to.equal('Cadastro realizado com sucesso');\n});",
              "err": {},
              "uuid": "3e97fcd8-6d5a-43d3-b717-7c85fda1bb89",
              "parentUUID": "fa66f750-2b46-4f5f-ae08-ae60815c83cf",
              "isHook": false,
              "skipped": false
            },
            {
              "title": "Deve validar mensagem de erro ao cadastrar produto repetido",
              "fullTitle": "Testes da Funcionalidade Produtos Deve validar mensagem de erro ao cadastrar produto repetido",
              "timedOut": null,
              "duration": 421,
              "state": "passed",
              "speed": "fast",
              "pass": true,
              "fail": false,
              "pending": false,
              "context": null,
              "code": "let produto = `Produto EBAC DUP ${Math.floor(Math.random() * 100000000)}`;\ncy.cadastrarProduto(token, produto, 250, \"Descrição do produto novo\", 180).then(response => {\n  expect(response.status).to.equal(201);\n  cy.cadastrarProduto(token, produto, 250, \"Descrição do produto novo\", 180).then(responseRepetido => {\n    expect(responseRepetido.status).to.equal(400);\n    expect(responseRepetido.body.message).to.equal('Já existe produto com esse nome');\n  });\n});",
              "err": {},
              "uuid": "a952b3d3-f9cd-4f13-ade2-c0c8ead52d68",
              "parentUUID": "fa66f750-2b46-4f5f-ae08-ae60815c83cf",
              "isHook": false,
              "skipped": false
            },
            {
              "title": "Deve editar um produto já cadastrado",
              "fullTitle": "Testes da Funcionalidade Produtos Deve editar um produto já cadastrado",
              "timedOut": null,
              "duration": 430,
              "state": "passed",
              "speed": "fast",
              "pass": true,
              "fail": false,
              "pending": false,
              "context": null,
              "code": "cy.request(`${Cypress.env('apiUrl')}/produtos`).then(response => {\n  let id = response.body.produtos[0]._id;\n  let produtoEditado = `Produto Editado ${Math.floor(Math.random() * 100000000)}`;\n  cy.request({\n    method: 'PUT',\n    url: `${Cypress.env('apiUrl')}/produtos/${id}`,\n    headers: {\n      authorization: token\n    },\n    body: {\n      \"nome\": produtoEditado,\n      \"preco\": 100,\n      \"descricao\": \"Produto editado\",\n      \"quantidade\": 100\n    }\n  }).then(response => {\n    expect(response.body.message).to.equal('Registro alterado com sucesso');\n  });\n});",
              "err": {},
              "uuid": "dee6af90-1cea-44e9-bbe5-3318c1e32d5d",
              "parentUUID": "fa66f750-2b46-4f5f-ae08-ae60815c83cf",
              "isHook": false,
              "skipped": false
            },
            {
              "title": "Deve editar um produto cadastrado previamente",
              "fullTitle": "Testes da Funcionalidade Produtos Deve editar um produto cadastrado previamente",
              "timedOut": null,
              "duration": 406,
              "state": "passed",
              "speed": "fast",
              "pass": true,
              "fail": false,
              "pending": false,
              "context": null,
              "code": "let produto = `Produto EBAC ${Math.floor(Math.random() * 100000000)}`;\ncy.cadastrarProduto(token, produto, 250, \"Descrição do produto novo\", 180).then(response => {\n  let id = response.body._id;\n  cy.request({\n    method: 'PUT',\n    url: `${Cypress.env('apiUrl')}/produtos/${id}`,\n    headers: {\n      authorization: token\n    },\n    body: {\n      \"nome\": produto,\n      \"preco\": 200,\n      \"descricao\": \"Produto editado\",\n      \"quantidade\": 300\n    }\n  }).then(response => {\n    expect(response.body.message).to.equal('Registro alterado com sucesso');\n  });\n});",
              "err": {},
              "uuid": "d7149ddd-c605-4f6f-9759-c47c2d679ae8",
              "parentUUID": "fa66f750-2b46-4f5f-ae08-ae60815c83cf",
              "isHook": false,
              "skipped": false
            },
            {
              "title": "Deve deletar um produto previamente cadastrado",
              "fullTitle": "Testes da Funcionalidade Produtos Deve deletar um produto previamente cadastrado",
              "timedOut": null,
              "duration": 411,
              "state": "passed",
              "speed": "fast",
              "pass": true,
              "fail": false,
              "pending": false,
              "context": null,
              "code": "let produto = `Produto EBAC ${Math.floor(Math.random() * 100000000)}`;\ncy.cadastrarProduto(token, produto, 250, \"Descrição do produto novo\", 180).then(response => {\n  let id = response.body._id;\n  cy.request({\n    method: 'DELETE',\n    url: `${Cypress.env('apiUrl')}/produtos/${id}`,\n    headers: {\n      authorization: token\n    }\n  }).then(response => {\n    expect(response.body.message).to.equal('Registro excluído com sucesso');\n    expect(response.status).to.equal(200);\n  });\n});",
              "err": {},
              "uuid": "0f317e91-b454-4aed-bae0-0a530261cd39",
              "parentUUID": "fa66f750-2b46-4f5f-ae08-ae60815c83cf",
              "isHook": false,
              "skipped": false
            }
          ],
          "suites": [],
          "passes": [
            "6d3a7107-469e-4e0b-9a7e-0ec87d4003bd",
            "f78543da-104a-4042-8440-57d48951651f",
            "3e97fcd8-6d5a-43d3-b717-7c85fda1bb89",
            "a952b3d3-f9cd-4f13-ade2-c0c8ead52d68",
            "dee6af90-1cea-44e9-bbe5-3318c1e32d5d",
            "d7149ddd-c605-4f6f-9759-c47c2d679ae8",
            "0f317e91-b454-4aed-bae0-0a530261cd39"
          ],
          "failures": [],
          "pending": [],
          "skipped": [],
          "duration": 2581,
          "root": false,
          "rootEmpty": false,
          "_timeout": 2000
        }
      ],
      "passes": [],
      "failures": [],
      "pending": [],
      "skipped": [],
      "duration": 0,
      "root": true,
      "rootEmpty": true,
      "_timeout": 2000
    },
    {
      "uuid": "89dac374-1c65-4927-94fe-c0a6d751912a",
      "title": "",
      "fullFile": "cypress\\e2e\\1-loja-ebac\\Teste.API\\login.api.cy.js",
      "file": "cypress\\e2e\\1-loja-ebac\\Teste.API\\login.api.cy.js",
      "beforeHooks": [],
      "afterHooks": [],
      "tests": [],
      "suites": [
        {
          "uuid": "e3b50c55-e7cd-40dc-8f98-f0bf7604d0aa",
          "title": "Login",
          "fullFile": "",
          "file": "",
          "beforeHooks": [],
          "afterHooks": [],
          "tests": [
            {
              "title": "Deve fazer login com sucesso",
              "fullTitle": "Login Deve fazer login com sucesso",
              "timedOut": null,
              "duration": 530,
              "state": "passed",
              "speed": "fast",
              "pass": true,
              "fail": false,
              "pending": false,
              "context": null,
              "code": "cy.request({\n  method: 'POST',\n  url: `${Cypress.env('apiUrl')}/login`,\n  body: {\n    \"email\": \"fulano@qa.com\",\n    \"password\": \"teste\"\n  }\n}).then(response => {\n  expect(response.status).to.equal(200);\n  expect(response.body.message).to.equal('Login realizado com sucesso');\n  cy.log(response.body.authorization);\n});",
              "err": {},
              "uuid": "9ac07ca5-6776-48b4-83cb-ce04b18cb782",
              "parentUUID": "e3b50c55-e7cd-40dc-8f98-f0bf7604d0aa",
              "isHook": false,
              "skipped": false
            }
          ],
          "suites": [],
          "passes": [
            "9ac07ca5-6776-48b4-83cb-ce04b18cb782"
          ],
          "failures": [],
          "pending": [],
          "skipped": [],
          "duration": 530,
          "root": false,
          "rootEmpty": false,
          "_timeout": 2000
        }
      ],
      "passes": [],
      "failures": [],
      "pending": [],
      "skipped": [],
      "duration": 0,
      "root": true,
      "rootEmpty": true,
      "_timeout": 2000
    },
    {
      "uuid": "9f1d0807-db2f-42e1-b506-cbc44bbd38b5",
      "title": "",
      "fullFile": "cypress\\e2e\\1-loja-ebac\\Teste.API\\produtos.api.cy.js",
      "file": "cypress\\e2e\\1-loja-ebac\\Teste.API\\produtos.api.cy.js",
      "beforeHooks": [],
      "afterHooks": [],
      "tests": [],
      "suites": [
        {
          "uuid": "28da39e5-563f-44e8-98a2-1cd9a16dc580",
          "title": "Testes da Funcionalidade Produtos",
          "fullFile": "",
          "file": "",
          "beforeHooks": [],
          "afterHooks": [],
          "tests": [
            {
              "title": "Deve validar contrato de produtos",
              "fullTitle": "Testes da Funcionalidade Produtos Deve validar contrato de produtos",
              "timedOut": null,
              "duration": 440,
              "state": "passed",
              "speed": "fast",
              "pass": true,
              "fail": false,
              "pending": false,
              "context": null,
              "code": "cy.request(`${Cypress.env('apiUrl')}/produtos`).then(response => {\n  return _produtos.default.validateAsync(response.body);\n});",
              "err": {},
              "uuid": "54947829-a7b8-4beb-b602-2440e6a63ce0",
              "parentUUID": "28da39e5-563f-44e8-98a2-1cd9a16dc580",
              "isHook": false,
              "skipped": false
            },
            {
              "title": "Deve listar os produtos cadastrados",
              "fullTitle": "Testes da Funcionalidade Produtos Deve listar os produtos cadastrados",
              "timedOut": null,
              "duration": 237,
              "state": "passed",
              "speed": "fast",
              "pass": true,
              "fail": false,
              "pending": false,
              "context": null,
              "code": "cy.request({\n  method: 'GET',\n  url: `${Cypress.env('apiUrl')}/produtos`\n}).then(response => {\n  //expect(response.body.produtos[9].nome).to.equal('Produto EBAC 436746')\n  expect(response.status).to.equal(200);\n  expect(response.body).to.have.property('produtos');\n  expect(response.duration).to.be.lessThan(2000);\n});",
              "err": {},
              "uuid": "3b2a0071-3be3-4275-a790-4b72d252eb55",
              "parentUUID": "28da39e5-563f-44e8-98a2-1cd9a16dc580",
              "isHook": false,
              "skipped": false
            },
            {
              "title": "Deve cadastrar um produto com sucesso",
              "fullTitle": "Testes da Funcionalidade Produtos Deve cadastrar um produto com sucesso",
              "timedOut": null,
              "duration": 217,
              "state": "passed",
              "speed": "fast",
              "pass": true,
              "fail": false,
              "pending": false,
              "context": null,
              "code": "let produto = `Produto EBAC ${Math.floor(Math.random() * 100000000)}`;\ncy.request({\n  method: 'POST',\n  url: `${Cypress.env('apiUrl')}/produtos`,\n  body: {\n    \"nome\": produto,\n    \"preco\": 200,\n    \"descricao\": \"Produto novo\",\n    \"quantidade\": 100\n  },\n  headers: {\n    authorization: token\n  }\n}).then(response => {\n  expect(response.status).to.equal(201);\n  expect(response.body.message).to.equal('Cadastro realizado com sucesso');\n});",
              "err": {},
              "uuid": "861f5ee5-77cc-452c-83c5-831a2fd43e6f",
              "parentUUID": "28da39e5-563f-44e8-98a2-1cd9a16dc580",
              "isHook": false,
              "skipped": false
            },
            {
              "title": "Deve validar mensagem de erro ao cadastrar produto repetido",
              "fullTitle": "Testes da Funcionalidade Produtos Deve validar mensagem de erro ao cadastrar produto repetido",
              "timedOut": null,
              "duration": 414,
              "state": "passed",
              "speed": "fast",
              "pass": true,
              "fail": false,
              "pending": false,
              "context": null,
              "code": "let produto = `Produto EBAC DUP ${Math.floor(Math.random() * 100000000)}`;\ncy.cadastrarProduto(token, produto, 250, \"Descrição do produto novo\", 180).then(response => {\n  expect(response.status).to.equal(201);\n  cy.cadastrarProduto(token, produto, 250, \"Descrição do produto novo\", 180).then(responseRepetido => {\n    expect(responseRepetido.status).to.equal(400);\n    expect(responseRepetido.body.message).to.equal('Já existe produto com esse nome');\n  });\n});",
              "err": {},
              "uuid": "8a1e8ae6-2133-486e-81f4-846ef298341f",
              "parentUUID": "28da39e5-563f-44e8-98a2-1cd9a16dc580",
              "isHook": false,
              "skipped": false
            },
            {
              "title": "Deve editar um produto já cadastrado",
              "fullTitle": "Testes da Funcionalidade Produtos Deve editar um produto já cadastrado",
              "timedOut": null,
              "duration": 438,
              "state": "passed",
              "speed": "fast",
              "pass": true,
              "fail": false,
              "pending": false,
              "context": null,
              "code": "cy.request(`${Cypress.env('apiUrl')}/produtos`).then(response => {\n  let id = response.body.produtos[0]._id;\n  let produtoEditado = `Produto Editado ${Math.floor(Math.random() * 100000000)}`;\n  cy.request({\n    method: 'PUT',\n    url: `${Cypress.env('apiUrl')}/produtos/${id}`,\n    headers: {\n      authorization: token\n    },\n    body: {\n      \"nome\": produtoEditado,\n      \"preco\": 100,\n      \"descricao\": \"Produto editado\",\n      \"quantidade\": 100\n    }\n  }).then(response => {\n    expect(response.body.message).to.equal('Registro alterado com sucesso');\n  });\n});",
              "err": {},
              "uuid": "b95e4453-4cc4-41a8-8b38-4eac9c4c21d1",
              "parentUUID": "28da39e5-563f-44e8-98a2-1cd9a16dc580",
              "isHook": false,
              "skipped": false
            },
            {
              "title": "Deve editar um produto cadastrado previamente",
              "fullTitle": "Testes da Funcionalidade Produtos Deve editar um produto cadastrado previamente",
              "timedOut": null,
              "duration": 428,
              "state": "passed",
              "speed": "fast",
              "pass": true,
              "fail": false,
              "pending": false,
              "context": null,
              "code": "let produto = `Produto EBAC ${Math.floor(Math.random() * 100000000)}`;\ncy.cadastrarProduto(token, produto, 250, \"Descrição do produto novo\", 180).then(response => {\n  let id = response.body._id;\n  cy.request({\n    method: 'PUT',\n    url: `${Cypress.env('apiUrl')}/produtos/${id}`,\n    headers: {\n      authorization: token\n    },\n    body: {\n      \"nome\": produto,\n      \"preco\": 200,\n      \"descricao\": \"Produto editado\",\n      \"quantidade\": 300\n    }\n  }).then(response => {\n    expect(response.body.message).to.equal('Registro alterado com sucesso');\n  });\n});",
              "err": {},
              "uuid": "d8f24dc0-2a5f-4ac8-83c2-5da71c3b7d6e",
              "parentUUID": "28da39e5-563f-44e8-98a2-1cd9a16dc580",
              "isHook": false,
              "skipped": false
            },
            {
              "title": "Deve deletar um produto previamente cadastrado",
              "fullTitle": "Testes da Funcionalidade Produtos Deve deletar um produto previamente cadastrado",
              "timedOut": null,
              "duration": 412,
              "state": "passed",
              "speed": "fast",
              "pass": true,
              "fail": false,
              "pending": false,
              "context": null,
              "code": "let produto = `Produto EBAC ${Math.floor(Math.random() * 100000000)}`;\ncy.cadastrarProduto(token, produto, 250, \"Descrição do produto novo\", 180).then(response => {\n  let id = response.body._id;\n  cy.request({\n    method: 'DELETE',\n    url: `${Cypress.env('apiUrl')}/produtos/${id}`,\n    headers: {\n      authorization: token\n    }\n  }).then(response => {\n    expect(response.body.message).to.equal('Registro excluído com sucesso');\n    expect(response.status).to.equal(200);\n  });\n});",
              "err": {},
              "uuid": "ca4a576a-4b21-4528-9126-c02f60d5a2f4",
              "parentUUID": "28da39e5-563f-44e8-98a2-1cd9a16dc580",
              "isHook": false,
              "skipped": false
            }
          ],
          "suites": [],
          "passes": [
            "54947829-a7b8-4beb-b602-2440e6a63ce0",
            "3b2a0071-3be3-4275-a790-4b72d252eb55",
            "861f5ee5-77cc-452c-83c5-831a2fd43e6f",
            "8a1e8ae6-2133-486e-81f4-846ef298341f",
            "b95e4453-4cc4-41a8-8b38-4eac9c4c21d1",
            "d8f24dc0-2a5f-4ac8-83c2-5da71c3b7d6e",
            "ca4a576a-4b21-4528-9126-c02f60d5a2f4"
          ],
          "failures": [],
          "pending": [],
          "skipped": [],
          "duration": 2586,
          "root": false,
          "rootEmpty": false,
          "_timeout": 2000
        }
      ],
      "passes": [],
      "failures": [],
      "pending": [],
      "skipped": [],
      "duration": 0,
      "root": true,
      "rootEmpty": true,
      "_timeout": 2000
    },
    {
      "uuid": "f95a935f-ec93-4934-85e5-52588c78ba74",
      "title": "",
      "fullFile": "cypress\\e2e\\1-loja-ebac\\Teste.API\\login.api.cy.js",
      "file": "cypress\\e2e\\1-loja-ebac\\Teste.API\\login.api.cy.js",
      "beforeHooks": [],
      "afterHooks": [],
      "tests": [],
      "suites": [
        {
          "uuid": "4772cd6b-ca4b-470c-a84b-dfb7be9a99db",
          "title": "Login",
          "fullFile": "",
          "file": "",
          "beforeHooks": [],
          "afterHooks": [],
          "tests": [
            {
              "title": "Deve fazer login com sucesso",
              "fullTitle": "Login Deve fazer login com sucesso",
              "timedOut": null,
              "duration": 476,
              "state": "passed",
              "speed": "fast",
              "pass": true,
              "fail": false,
              "pending": false,
              "context": null,
              "code": "cy.request({\n  method: 'POST',\n  url: `${Cypress.env('apiUrl')}/login`,\n  body: {\n    \"email\": \"fulano@qa.com\",\n    \"password\": \"teste\"\n  }\n}).then(response => {\n  expect(response.status).to.equal(200);\n  expect(response.body.message).to.equal('Login realizado com sucesso');\n  cy.log(response.body.authorization);\n});",
              "err": {},
              "uuid": "681a8a7d-ca9e-4813-b2bd-55645514b2df",
              "parentUUID": "4772cd6b-ca4b-470c-a84b-dfb7be9a99db",
              "isHook": false,
              "skipped": false
            }
          ],
          "suites": [],
          "passes": [
            "681a8a7d-ca9e-4813-b2bd-55645514b2df"
          ],
          "failures": [],
          "pending": [],
          "skipped": [],
          "duration": 476,
          "root": false,
          "rootEmpty": false,
          "_timeout": 2000
        }
      ],
      "passes": [],
      "failures": [],
      "pending": [],
      "skipped": [],
      "duration": 0,
      "root": true,
      "rootEmpty": true,
      "_timeout": 2000
    },
    {
      "uuid": "00b17c56-32a7-4c0d-9a87-29b06cf1a471",
      "title": "",
      "fullFile": "cypress\\e2e\\1-loja-ebac\\Teste.API\\produtos.api.cy.js",
      "file": "cypress\\e2e\\1-loja-ebac\\Teste.API\\produtos.api.cy.js",
      "beforeHooks": [],
      "afterHooks": [],
      "tests": [],
      "suites": [
        {
          "uuid": "8e76ad77-f32f-46e5-bd69-a3eaeb7c9c94",
          "title": "Testes da Funcionalidade Produtos",
          "fullFile": "",
          "file": "",
          "beforeHooks": [],
          "afterHooks": [],
          "tests": [
            {
              "title": "Deve validar contrato de produtos",
              "fullTitle": "Testes da Funcionalidade Produtos Deve validar contrato de produtos",
              "timedOut": null,
              "duration": 498,
              "state": "passed",
              "speed": "fast",
              "pass": true,
              "fail": false,
              "pending": false,
              "context": null,
              "code": "cy.request(`${Cypress.env('apiUrl')}/produtos`).then(response => {\n  return _produtos.default.validateAsync(response.body);\n});",
              "err": {},
              "uuid": "c2a12d33-fd7e-4a2f-9a59-1afa7c944254",
              "parentUUID": "8e76ad77-f32f-46e5-bd69-a3eaeb7c9c94",
              "isHook": false,
              "skipped": false
            },
            {
              "title": "Deve listar os produtos cadastrados",
              "fullTitle": "Testes da Funcionalidade Produtos Deve listar os produtos cadastrados",
              "timedOut": null,
              "duration": 240,
              "state": "passed",
              "speed": "fast",
              "pass": true,
              "fail": false,
              "pending": false,
              "context": null,
              "code": "cy.request({\n  method: 'GET',\n  url: `${Cypress.env('apiUrl')}/produtos`\n}).then(response => {\n  //expect(response.body.produtos[9].nome).to.equal('Produto EBAC 436746')\n  expect(response.status).to.equal(200);\n  expect(response.body).to.have.property('produtos');\n  expect(response.duration).to.be.lessThan(2000);\n});",
              "err": {},
              "uuid": "6f67b435-127d-49d0-a1f2-36dcccd7973c",
              "parentUUID": "8e76ad77-f32f-46e5-bd69-a3eaeb7c9c94",
              "isHook": false,
              "skipped": false
            },
            {
              "title": "Deve cadastrar um produto com sucesso",
              "fullTitle": "Testes da Funcionalidade Produtos Deve cadastrar um produto com sucesso",
              "timedOut": null,
              "duration": 223,
              "state": "passed",
              "speed": "fast",
              "pass": true,
              "fail": false,
              "pending": false,
              "context": null,
              "code": "let produto = `Produto EBAC ${Math.floor(Math.random() * 100000000)}`;\ncy.request({\n  method: 'POST',\n  url: `${Cypress.env('apiUrl')}/produtos`,\n  body: {\n    \"nome\": produto,\n    \"preco\": 200,\n    \"descricao\": \"Produto novo\",\n    \"quantidade\": 100\n  },\n  headers: {\n    authorization: token\n  }\n}).then(response => {\n  expect(response.status).to.equal(201);\n  expect(response.body.message).to.equal('Cadastro realizado com sucesso');\n});",
              "err": {},
              "uuid": "8b53cc9b-944f-4bff-9f96-b6509ed82b7f",
              "parentUUID": "8e76ad77-f32f-46e5-bd69-a3eaeb7c9c94",
              "isHook": false,
              "skipped": false
            },
            {
              "title": "Deve validar mensagem de erro ao cadastrar produto repetido",
              "fullTitle": "Testes da Funcionalidade Produtos Deve validar mensagem de erro ao cadastrar produto repetido",
              "timedOut": null,
              "duration": 433,
              "state": "passed",
              "speed": "fast",
              "pass": true,
              "fail": false,
              "pending": false,
              "context": null,
              "code": "let produto = `Produto EBAC DUP ${Math.floor(Math.random() * 100000000)}`;\ncy.cadastrarProduto(token, produto, 250, \"Descrição do produto novo\", 180).then(response => {\n  expect(response.status).to.equal(201);\n  cy.cadastrarProduto(token, produto, 250, \"Descrição do produto novo\", 180).then(responseRepetido => {\n    expect(responseRepetido.status).to.equal(400);\n    expect(responseRepetido.body.message).to.equal('Já existe produto com esse nome');\n  });\n});",
              "err": {},
              "uuid": "6e3ad067-80d4-4c98-bf72-58c4c8183834",
              "parentUUID": "8e76ad77-f32f-46e5-bd69-a3eaeb7c9c94",
              "isHook": false,
              "skipped": false
            },
            {
              "title": "Deve editar um produto já cadastrado",
              "fullTitle": "Testes da Funcionalidade Produtos Deve editar um produto já cadastrado",
              "timedOut": null,
              "duration": 463,
              "state": "passed",
              "speed": "fast",
              "pass": true,
              "fail": false,
              "pending": false,
              "context": null,
              "code": "cy.request(`${Cypress.env('apiUrl')}/produtos`).then(response => {\n  let id = response.body.produtos[0]._id;\n  let produtoEditado = `Produto Editado ${Math.floor(Math.random() * 100000000)}`;\n  cy.request({\n    method: 'PUT',\n    url: `${Cypress.env('apiUrl')}/produtos/${id}`,\n    headers: {\n      authorization: token\n    },\n    body: {\n      \"nome\": produtoEditado,\n      \"preco\": 100,\n      \"descricao\": \"Produto editado\",\n      \"quantidade\": 100\n    }\n  }).then(response => {\n    expect(response.body.message).to.equal('Registro alterado com sucesso');\n  });\n});",
              "err": {},
              "uuid": "cbbc206e-4221-455a-b18f-e5302b6ff4a2",
              "parentUUID": "8e76ad77-f32f-46e5-bd69-a3eaeb7c9c94",
              "isHook": false,
              "skipped": false
            },
            {
              "title": "Deve editar um produto cadastrado previamente",
              "fullTitle": "Testes da Funcionalidade Produtos Deve editar um produto cadastrado previamente",
              "timedOut": null,
              "duration": 416,
              "state": "passed",
              "speed": "fast",
              "pass": true,
              "fail": false,
              "pending": false,
              "context": null,
              "code": "let produto = `Produto EBAC ${Math.floor(Math.random() * 100000000)}`;\ncy.cadastrarProduto(token, produto, 250, \"Descrição do produto novo\", 180).then(response => {\n  let id = response.body._id;\n  cy.request({\n    method: 'PUT',\n    url: `${Cypress.env('apiUrl')}/produtos/${id}`,\n    headers: {\n      authorization: token\n    },\n    body: {\n      \"nome\": produto,\n      \"preco\": 200,\n      \"descricao\": \"Produto editado\",\n      \"quantidade\": 300\n    }\n  }).then(response => {\n    expect(response.body.message).to.equal('Registro alterado com sucesso');\n  });\n});",
              "err": {},
              "uuid": "b82497b7-b103-45df-86a9-a428ccd4db4b",
              "parentUUID": "8e76ad77-f32f-46e5-bd69-a3eaeb7c9c94",
              "isHook": false,
              "skipped": false
            },
            {
              "title": "Deve deletar um produto previamente cadastrado",
              "fullTitle": "Testes da Funcionalidade Produtos Deve deletar um produto previamente cadastrado",
              "timedOut": null,
              "duration": 436,
              "state": "passed",
              "speed": "fast",
              "pass": true,
              "fail": false,
              "pending": false,
              "context": null,
              "code": "let produto = `Produto EBAC ${Math.floor(Math.random() * 100000000)}`;\ncy.cadastrarProduto(token, produto, 250, \"Descrição do produto novo\", 180).then(response => {\n  let id = response.body._id;\n  cy.request({\n    method: 'DELETE',\n    url: `${Cypress.env('apiUrl')}/produtos/${id}`,\n    headers: {\n      authorization: token\n    }\n  }).then(response => {\n    expect(response.body.message).to.equal('Registro excluído com sucesso');\n    expect(response.status).to.equal(200);\n  });\n});",
              "err": {},
              "uuid": "ca0d9196-4296-4adc-9037-2a3f06848109",
              "parentUUID": "8e76ad77-f32f-46e5-bd69-a3eaeb7c9c94",
              "isHook": false,
              "skipped": false
            }
          ],
          "suites": [],
          "passes": [
            "c2a12d33-fd7e-4a2f-9a59-1afa7c944254",
            "6f67b435-127d-49d0-a1f2-36dcccd7973c",
            "8b53cc9b-944f-4bff-9f96-b6509ed82b7f",
            "6e3ad067-80d4-4c98-bf72-58c4c8183834",
            "cbbc206e-4221-455a-b18f-e5302b6ff4a2",
            "b82497b7-b103-45df-86a9-a428ccd4db4b",
            "ca0d9196-4296-4adc-9037-2a3f06848109"
          ],
          "failures": [],
          "pending": [],
          "skipped": [],
          "duration": 2709,
          "root": false,
          "rootEmpty": false,
          "_timeout": 2000
        }
      ],
      "passes": [],
      "failures": [],
      "pending": [],
      "skipped": [],
      "duration": 0,
      "root": true,
      "rootEmpty": true,
      "_timeout": 2000
    },
    {
      "uuid": "576c0e55-1076-4bd1-935b-9a4d1625d7d0",
      "title": "",
      "fullFile": "cypress\\e2e\\1-loja-ebac\\Teste.API\\cupons.api.cy.js",
      "file": "cypress\\e2e\\1-loja-ebac\\Teste.API\\cupons.api.cy.js",
      "beforeHooks": [],
      "afterHooks": [],
      "tests": [],
      "suites": [
        {
          "uuid": "d27c22cd-68cd-4577-aac9-712ddefdcad9",
          "title": "US-0003 - API de cupons",
          "fullFile": "",
          "file": "",
          "beforeHooks": [],
          "afterHooks": [],
          "tests": [
            {
              "title": "Deve listar todos os cupons cadastrados",
              "fullTitle": "US-0003 - API de cupons Deve listar todos os cupons cadastrados",
              "timedOut": null,
              "duration": 641,
              "state": "passed",
              "speed": "fast",
              "pass": true,
              "fail": false,
              "pending": false,
              "context": null,
              "code": "cy.request({\n  method: 'GET',\n  url: endpoint,\n  headers\n}).then(response => {\n  expect(response.status).to.equal(200);\n  expect(response.body).to.be.an('array');\n});",
              "err": {},
              "uuid": "3c6535da-4404-429c-b230-5fb142f1c849",
              "parentUUID": "d27c22cd-68cd-4577-aac9-712ddefdcad9",
              "isHook": false,
              "skipped": false
            },
            {
              "title": "Deve listar cupom buscando por ID",
              "fullTitle": "US-0003 - API de cupons Deve listar cupom buscando por ID",
              "timedOut": null,
              "duration": 497,
              "state": "passed",
              "speed": "fast",
              "pass": true,
              "fail": false,
              "pending": false,
              "context": null,
              "code": "cy.request({\n  method: 'GET',\n  url: endpoint,\n  headers,\n  qs: {\n    per_page: 1\n  }\n}).then(listaResponse => {\n  expect(listaResponse.status).to.equal(200);\n  expect(listaResponse.body).to.be.an('array');\n  if (listaResponse.body.length > 0) {\n    const idExistente = listaResponse.body[0].id;\n    cy.request({\n      method: 'GET',\n      url: `${endpoint}/${idExistente}`,\n      headers\n    }).then(cupomResponse => {\n      expect(cupomResponse.status).to.equal(200);\n      expect(cupomResponse.body).to.have.property('id', idExistente);\n    });\n    return;\n  }\n  const codigoNovo = `ganhe10-${Date.now()}`;\n  cy.request({\n    method: 'POST',\n    url: endpoint,\n    headers,\n    body: criarPayloadCupom(codigoNovo)\n  }).then(criaResponse => {\n    expect(criaResponse.status).to.equal(201);\n    const idCriado = criaResponse.body.id;\n    cy.request({\n      method: 'GET',\n      url: `${endpoint}/${idCriado}`,\n      headers\n    }).then(cupomResponse => {\n      expect(cupomResponse.status).to.equal(200);\n      expect(cupomResponse.body).to.have.property('id', idCriado);\n    });\n    deletarCupom(idCriado);\n  });\n});",
              "err": {},
              "uuid": "be46547f-4bad-4579-963d-5ea040746126",
              "parentUUID": "d27c22cd-68cd-4577-aac9-712ddefdcad9",
              "isHook": false,
              "skipped": false
            },
            {
              "title": "Deve cadastrar cupom com campos obrigatorios",
              "fullTitle": "US-0003 - API de cupons Deve cadastrar cupom com campos obrigatorios",
              "timedOut": null,
              "duration": 1416,
              "state": "passed",
              "speed": "fast",
              "pass": true,
              "fail": false,
              "pending": false,
              "context": null,
              "code": "const codigoNovo = `ganhe10-${Date.now()}`;\ncy.request({\n  method: 'POST',\n  url: endpoint,\n  headers,\n  body: criarPayloadCupom(codigoNovo)\n}).then(response => {\n  expect(response.status).to.equal(201);\n  expect(response.body).to.have.property('code');\n  expect(String(response.body.code).toLowerCase()).to.equal(codigoNovo.toLowerCase());\n  expect(response.body).to.have.property('amount');\n  expect(response.body).to.have.property('discount_type', 'fixed_product');\n  expect(response.body).to.have.property('description');\n  deletarCupom(response.body.id);\n});",
              "err": {},
              "uuid": "5c0e4a93-bb74-4d41-a8ad-11eff95f9ed1",
              "parentUUID": "d27c22cd-68cd-4577-aac9-712ddefdcad9",
              "isHook": false,
              "skipped": false
            },
            {
              "title": "Nao deve permitir cadastrar cupom com codigo repetido",
              "fullTitle": "US-0003 - API de cupons Nao deve permitir cadastrar cupom com codigo repetido",
              "timedOut": null,
              "duration": 1563,
              "state": "passed",
              "speed": "fast",
              "pass": true,
              "fail": false,
              "pending": false,
              "context": null,
              "code": "const codigoDuplicado = `ganhe10-dup-${Date.now()}`;\ncy.request({\n  method: 'POST',\n  url: endpoint,\n  headers,\n  body: criarPayloadCupom(codigoDuplicado)\n}).then(primeiroCadastro => {\n  expect(primeiroCadastro.status).to.equal(201);\n  cy.request({\n    method: 'POST',\n    url: endpoint,\n    headers,\n    body: criarPayloadCupom(codigoDuplicado),\n    failOnStatusCode: false\n  }).then(segundoCadastro => {\n    expect(segundoCadastro.status).to.equal(400);\n    expect(segundoCadastro.body).to.have.property('message');\n  });\n  deletarCupom(primeiroCadastro.body.id);\n});",
              "err": {},
              "uuid": "f605f6fb-3e1e-44d8-900e-41af369654cc",
              "parentUUID": "d27c22cd-68cd-4577-aac9-712ddefdcad9",
              "isHook": false,
              "skipped": false
            }
          ],
          "suites": [],
          "passes": [
            "3c6535da-4404-429c-b230-5fb142f1c849",
            "be46547f-4bad-4579-963d-5ea040746126",
            "5c0e4a93-bb74-4d41-a8ad-11eff95f9ed1",
            "f605f6fb-3e1e-44d8-900e-41af369654cc"
          ],
          "failures": [],
          "pending": [],
          "skipped": [],
          "duration": 4117,
          "root": false,
          "rootEmpty": false,
          "_timeout": 2000
        }
      ],
      "passes": [],
      "failures": [],
      "pending": [],
      "skipped": [],
      "duration": 0,
      "root": true,
      "rootEmpty": true,
      "_timeout": 2000
    },
    {
      "uuid": "4830c75b-7cd5-4136-9e42-4788f54c8b7d",
      "title": "",
      "fullFile": "cypress\\e2e\\1-loja-ebac\\Teste.API\\cupons.api.cy.js",
      "file": "cypress\\e2e\\1-loja-ebac\\Teste.API\\cupons.api.cy.js",
      "beforeHooks": [],
      "afterHooks": [],
      "tests": [],
      "suites": [
        {
          "uuid": "7b2e5c7b-e092-4411-8a2d-b70e06953b2e",
          "title": "US-0003 - API de cupons",
          "fullFile": "",
          "file": "",
          "beforeHooks": [],
          "afterHooks": [],
          "tests": [
            {
              "title": "Deve listar todos os cupons cadastrados",
              "fullTitle": "US-0003 - API de cupons Deve listar todos os cupons cadastrados",
              "timedOut": null,
              "duration": 596,
              "state": "passed",
              "speed": "fast",
              "pass": true,
              "fail": false,
              "pending": false,
              "context": null,
              "code": "cy.request({\n  method: 'GET',\n  url: endpoint,\n  headers\n}).then(response => {\n  expect(response.status).to.equal(200);\n  expect(response.body).to.be.an('array');\n});",
              "err": {},
              "uuid": "6168c75e-b0cd-41e1-a5eb-6e8746b10756",
              "parentUUID": "7b2e5c7b-e092-4411-8a2d-b70e06953b2e",
              "isHook": false,
              "skipped": false
            },
            {
              "title": "Deve listar cupom buscando por ID",
              "fullTitle": "US-0003 - API de cupons Deve listar cupom buscando por ID",
              "timedOut": null,
              "duration": 483,
              "state": "passed",
              "speed": "fast",
              "pass": true,
              "fail": false,
              "pending": false,
              "context": null,
              "code": "cy.request({\n  method: 'GET',\n  url: endpoint,\n  headers,\n  qs: {\n    per_page: 1\n  }\n}).then(listaResponse => {\n  expect(listaResponse.status).to.equal(200);\n  expect(listaResponse.body).to.be.an('array');\n  if (listaResponse.body.length > 0) {\n    const idExistente = listaResponse.body[0].id;\n    cy.request({\n      method: 'GET',\n      url: `${endpoint}/${idExistente}`,\n      headers\n    }).then(cupomResponse => {\n      expect(cupomResponse.status).to.equal(200);\n      expect(cupomResponse.body).to.have.property('id', idExistente);\n    });\n    return;\n  }\n  const codigoNovo = `ganhe10-${Date.now()}`;\n  cy.request({\n    method: 'POST',\n    url: endpoint,\n    headers,\n    body: criarPayloadCupom(codigoNovo)\n  }).then(criaResponse => {\n    expect(criaResponse.status).to.equal(201);\n    const idCriado = criaResponse.body.id;\n    cy.request({\n      method: 'GET',\n      url: `${endpoint}/${idCriado}`,\n      headers\n    }).then(cupomResponse => {\n      expect(cupomResponse.status).to.equal(200);\n      expect(cupomResponse.body).to.have.property('id', idCriado);\n    });\n    deletarCupom(idCriado);\n  });\n});",
              "err": {},
              "uuid": "db096ec7-b2b5-42fc-a9dc-7faee343b305",
              "parentUUID": "7b2e5c7b-e092-4411-8a2d-b70e06953b2e",
              "isHook": false,
              "skipped": false
            },
            {
              "title": "Deve cadastrar cupom com campos obrigatorios",
              "fullTitle": "US-0003 - API de cupons Deve cadastrar cupom com campos obrigatorios",
              "timedOut": null,
              "duration": 1340,
              "state": "passed",
              "speed": "fast",
              "pass": true,
              "fail": false,
              "pending": false,
              "context": null,
              "code": "const codigoNovo = `ganhe10-${Date.now()}`;\ncy.request({\n  method: 'POST',\n  url: endpoint,\n  headers,\n  body: criarPayloadCupom(codigoNovo)\n}).then(response => {\n  expect(response.status).to.equal(201);\n  expect(response.body).to.have.property('code');\n  expect(String(response.body.code).toLowerCase()).to.equal(codigoNovo.toLowerCase());\n  expect(response.body).to.have.property('amount');\n  expect(response.body).to.have.property('discount_type', 'fixed_product');\n  expect(response.body).to.have.property('description');\n  deletarCupom(response.body.id);\n});",
              "err": {},
              "uuid": "fe97925c-af55-40d5-b37f-d622b3ac8d54",
              "parentUUID": "7b2e5c7b-e092-4411-8a2d-b70e06953b2e",
              "isHook": false,
              "skipped": false
            },
            {
              "title": "Nao deve permitir cadastrar cupom com codigo repetido",
              "fullTitle": "US-0003 - API de cupons Nao deve permitir cadastrar cupom com codigo repetido",
              "timedOut": null,
              "duration": 1869,
              "state": "passed",
              "speed": "fast",
              "pass": true,
              "fail": false,
              "pending": false,
              "context": null,
              "code": "const codigoDuplicado = `ganhe10-dup-${Date.now()}`;\ncy.request({\n  method: 'POST',\n  url: endpoint,\n  headers,\n  body: criarPayloadCupom(codigoDuplicado)\n}).then(primeiroCadastro => {\n  expect(primeiroCadastro.status).to.equal(201);\n  cy.request({\n    method: 'POST',\n    url: endpoint,\n    headers,\n    body: criarPayloadCupom(codigoDuplicado),\n    failOnStatusCode: false\n  }).then(segundoCadastro => {\n    expect(segundoCadastro.status).to.equal(400);\n    expect(segundoCadastro.body).to.have.property('message');\n  });\n  deletarCupom(primeiroCadastro.body.id);\n});",
              "err": {},
              "uuid": "e560f0a9-4bd9-4541-8a98-106b250bd1a4",
              "parentUUID": "7b2e5c7b-e092-4411-8a2d-b70e06953b2e",
              "isHook": false,
              "skipped": false
            }
          ],
          "suites": [],
          "passes": [
            "6168c75e-b0cd-41e1-a5eb-6e8746b10756",
            "db096ec7-b2b5-42fc-a9dc-7faee343b305",
            "fe97925c-af55-40d5-b37f-d622b3ac8d54",
            "e560f0a9-4bd9-4541-8a98-106b250bd1a4"
          ],
          "failures": [],
          "pending": [],
          "skipped": [],
          "duration": 4288,
          "root": false,
          "rootEmpty": false,
          "_timeout": 2000
        }
      ],
      "passes": [],
      "failures": [],
      "pending": [],
      "skipped": [],
      "duration": 0,
      "root": true,
      "rootEmpty": true,
      "_timeout": 2000
    },
    {
      "uuid": "3116c5bb-11de-4af7-b91a-c36fe4d6b810",
      "title": "",
      "fullFile": "cypress\\e2e\\1-loja-ebac\\Teste.API\\cupons.api.cy.js",
      "file": "cypress\\e2e\\1-loja-ebac\\Teste.API\\cupons.api.cy.js",
      "beforeHooks": [],
      "afterHooks": [],
      "tests": [],
      "suites": [
        {
          "uuid": "d4ffac32-5355-455f-972c-b7e489b2c3a1",
          "title": "US-0003 - API de cupons",
          "fullFile": "",
          "file": "",
          "beforeHooks": [],
          "afterHooks": [],
          "tests": [
            {
              "title": "Deve listar todos os cupons cadastrados",
              "fullTitle": "US-0003 - API de cupons Deve listar todos os cupons cadastrados",
              "timedOut": null,
              "duration": 666,
              "state": "passed",
              "speed": "fast",
              "pass": true,
              "fail": false,
              "pending": false,
              "context": null,
              "code": "cy.request({\n  method: 'GET',\n  url: endpoint,\n  headers\n}).then(response => {\n  expect(response.status).to.equal(200);\n  expect(response.body).to.be.an('array');\n});",
              "err": {},
              "uuid": "bc5acf90-ac81-4678-b502-778d051298c8",
              "parentUUID": "d4ffac32-5355-455f-972c-b7e489b2c3a1",
              "isHook": false,
              "skipped": false
            },
            {
              "title": "Deve listar cupom buscando por ID",
              "fullTitle": "US-0003 - API de cupons Deve listar cupom buscando por ID",
              "timedOut": null,
              "duration": 562,
              "state": "passed",
              "speed": "fast",
              "pass": true,
              "fail": false,
              "pending": false,
              "context": null,
              "code": "cy.request({\n  method: 'GET',\n  url: endpoint,\n  headers,\n  qs: {\n    per_page: 1\n  }\n}).then(listaResponse => {\n  expect(listaResponse.status).to.equal(200);\n  expect(listaResponse.body).to.be.an('array');\n  if (listaResponse.body.length > 0) {\n    const idExistente = listaResponse.body[0].id;\n    cy.request({\n      method: 'GET',\n      url: `${endpoint}/${idExistente}`,\n      headers\n    }).then(cupomResponse => {\n      expect(cupomResponse.status).to.equal(200);\n      expect(cupomResponse.body).to.have.property('id', idExistente);\n    });\n    return;\n  }\n  const codigoNovo = `ganhe10-${Date.now()}`;\n  cy.request({\n    method: 'POST',\n    url: endpoint,\n    headers,\n    body: criarPayloadCupom(codigoNovo)\n  }).then(criaResponse => {\n    expect(criaResponse.status).to.equal(201);\n    const idCriado = criaResponse.body.id;\n    cy.request({\n      method: 'GET',\n      url: `${endpoint}/${idCriado}`,\n      headers\n    }).then(cupomResponse => {\n      expect(cupomResponse.status).to.equal(200);\n      expect(cupomResponse.body).to.have.property('id', idCriado);\n    });\n    deletarCupom(idCriado);\n  });\n});",
              "err": {},
              "uuid": "a6750fb9-7f44-4677-a9ae-4f89bff9dd9f",
              "parentUUID": "d4ffac32-5355-455f-972c-b7e489b2c3a1",
              "isHook": false,
              "skipped": false
            },
            {
              "title": "Deve cadastrar cupom com campos obrigatorios",
              "fullTitle": "US-0003 - API de cupons Deve cadastrar cupom com campos obrigatorios",
              "timedOut": null,
              "duration": 1323,
              "state": "passed",
              "speed": "fast",
              "pass": true,
              "fail": false,
              "pending": false,
              "context": null,
              "code": "const codigoNovo = `ganhe10-${Date.now()}`;\ncy.request({\n  method: 'POST',\n  url: endpoint,\n  headers,\n  body: criarPayloadCupom(codigoNovo)\n}).then(response => {\n  expect(response.status).to.equal(201);\n  expect(response.body).to.have.property('code');\n  expect(String(response.body.code).toLowerCase()).to.equal(codigoNovo.toLowerCase());\n  expect(response.body).to.have.property('amount');\n  expect(response.body).to.have.property('discount_type', 'fixed_product');\n  expect(response.body).to.have.property('description');\n  deletarCupom(response.body.id);\n});",
              "err": {},
              "uuid": "485c0c31-f9ee-4d47-bf40-0dcb41aac239",
              "parentUUID": "d4ffac32-5355-455f-972c-b7e489b2c3a1",
              "isHook": false,
              "skipped": false
            },
            {
              "title": "Nao deve permitir cadastrar cupom com codigo repetido",
              "fullTitle": "US-0003 - API de cupons Nao deve permitir cadastrar cupom com codigo repetido",
              "timedOut": null,
              "duration": 1573,
              "state": "passed",
              "speed": "fast",
              "pass": true,
              "fail": false,
              "pending": false,
              "context": null,
              "code": "const codigoDuplicado = `ganhe10-dup-${Date.now()}`;\ncy.request({\n  method: 'POST',\n  url: endpoint,\n  headers,\n  body: criarPayloadCupom(codigoDuplicado)\n}).then(primeiroCadastro => {\n  expect(primeiroCadastro.status).to.equal(201);\n  cy.request({\n    method: 'POST',\n    url: endpoint,\n    headers,\n    body: criarPayloadCupom(codigoDuplicado),\n    failOnStatusCode: false\n  }).then(segundoCadastro => {\n    expect(segundoCadastro.status).to.equal(400);\n    expect(segundoCadastro.body).to.have.property('message');\n  });\n  deletarCupom(primeiroCadastro.body.id);\n});",
              "err": {},
              "uuid": "95ed3577-24e8-42f5-aae2-137b0990f0a1",
              "parentUUID": "d4ffac32-5355-455f-972c-b7e489b2c3a1",
              "isHook": false,
              "skipped": false
            }
          ],
          "suites": [],
          "passes": [
            "bc5acf90-ac81-4678-b502-778d051298c8",
            "a6750fb9-7f44-4677-a9ae-4f89bff9dd9f",
            "485c0c31-f9ee-4d47-bf40-0dcb41aac239",
            "95ed3577-24e8-42f5-aae2-137b0990f0a1"
          ],
          "failures": [],
          "pending": [],
          "skipped": [],
          "duration": 4124,
          "root": false,
          "rootEmpty": false,
          "_timeout": 2000
        }
      ],
      "passes": [],
      "failures": [],
      "pending": [],
      "skipped": [],
      "duration": 0,
      "root": true,
      "rootEmpty": true,
      "_timeout": 2000
    },
    {
      "uuid": "878edd84-2424-4cd2-818c-13e99b697b95",
      "title": "",
      "fullFile": "cypress\\e2e\\1-loja-ebac\\Teste.API\\cupons.api.cy.js",
      "file": "cypress\\e2e\\1-loja-ebac\\Teste.API\\cupons.api.cy.js",
      "beforeHooks": [],
      "afterHooks": [],
      "tests": [],
      "suites": [
        {
          "uuid": "874fa247-b3ad-4d4e-a83b-304ce585e4d9",
          "title": "US-0003 - API de cupons",
          "fullFile": "",
          "file": "",
          "beforeHooks": [],
          "afterHooks": [],
          "tests": [
            {
              "title": "Deve listar todos os cupons cadastrados",
              "fullTitle": "US-0003 - API de cupons Deve listar todos os cupons cadastrados",
              "timedOut": null,
              "duration": 637,
              "state": "passed",
              "speed": "fast",
              "pass": true,
              "fail": false,
              "pending": false,
              "context": null,
              "code": "cy.request({\n  method: 'GET',\n  url: endpoint,\n  headers\n}).then(response => {\n  expect(response.status).to.equal(200);\n  expect(response.body).to.be.an('array');\n});",
              "err": {},
              "uuid": "133c1fa5-21ac-4bae-b753-f1734cc8ba2e",
              "parentUUID": "874fa247-b3ad-4d4e-a83b-304ce585e4d9",
              "isHook": false,
              "skipped": false
            },
            {
              "title": "Deve listar cupom buscando por ID",
              "fullTitle": "US-0003 - API de cupons Deve listar cupom buscando por ID",
              "timedOut": null,
              "duration": 490,
              "state": "passed",
              "speed": "fast",
              "pass": true,
              "fail": false,
              "pending": false,
              "context": null,
              "code": "cy.request({\n  method: 'GET',\n  url: endpoint,\n  headers,\n  qs: {\n    per_page: 1\n  }\n}).then(listaResponse => {\n  expect(listaResponse.status).to.equal(200);\n  expect(listaResponse.body).to.be.an('array');\n  if (listaResponse.body.length > 0) {\n    const idExistente = listaResponse.body[0].id;\n    cy.request({\n      method: 'GET',\n      url: `${endpoint}/${idExistente}`,\n      headers\n    }).then(cupomResponse => {\n      expect(cupomResponse.status).to.equal(200);\n      expect(cupomResponse.body).to.have.property('id', idExistente);\n    });\n    return;\n  }\n  const codigoNovo = `ganhe10-${Date.now()}`;\n  cy.request({\n    method: 'POST',\n    url: endpoint,\n    headers,\n    body: criarPayloadCupom(codigoNovo)\n  }).then(criaResponse => {\n    expect(criaResponse.status).to.equal(201);\n    const idCriado = criaResponse.body.id;\n    cy.request({\n      method: 'GET',\n      url: `${endpoint}/${idCriado}`,\n      headers\n    }).then(cupomResponse => {\n      expect(cupomResponse.status).to.equal(200);\n      expect(cupomResponse.body).to.have.property('id', idCriado);\n    });\n    deletarCupom(idCriado);\n  });\n});",
              "err": {},
              "uuid": "ca83b90d-36a3-45d9-b80a-65d97fe3069a",
              "parentUUID": "874fa247-b3ad-4d4e-a83b-304ce585e4d9",
              "isHook": false,
              "skipped": false
            },
            {
              "title": "Deve cadastrar cupom com campos obrigatorios",
              "fullTitle": "US-0003 - API de cupons Deve cadastrar cupom com campos obrigatorios",
              "timedOut": null,
              "duration": 1325,
              "state": "passed",
              "speed": "fast",
              "pass": true,
              "fail": false,
              "pending": false,
              "context": null,
              "code": "const codigoNovo = `ganhe10-${Date.now()}`;\ncy.request({\n  method: 'POST',\n  url: endpoint,\n  headers,\n  body: criarPayloadCupom(codigoNovo)\n}).then(response => {\n  expect(response.status).to.equal(201);\n  expect(response.body).to.have.property('code');\n  expect(String(response.body.code).toLowerCase()).to.equal(codigoNovo.toLowerCase());\n  expect(response.body).to.have.property('amount');\n  expect(response.body).to.have.property('discount_type', 'fixed_product');\n  expect(response.body).to.have.property('description');\n  deletarCupom(response.body.id);\n});",
              "err": {},
              "uuid": "2ea2f6e0-0656-4e4c-bd1c-a495cfeacff9",
              "parentUUID": "874fa247-b3ad-4d4e-a83b-304ce585e4d9",
              "isHook": false,
              "skipped": false
            },
            {
              "title": "Nao deve permitir cadastrar cupom com codigo repetido",
              "fullTitle": "US-0003 - API de cupons Nao deve permitir cadastrar cupom com codigo repetido",
              "timedOut": null,
              "duration": 1603,
              "state": "passed",
              "speed": "fast",
              "pass": true,
              "fail": false,
              "pending": false,
              "context": null,
              "code": "const codigoDuplicado = `ganhe10-dup-${Date.now()}`;\ncy.request({\n  method: 'POST',\n  url: endpoint,\n  headers,\n  body: criarPayloadCupom(codigoDuplicado)\n}).then(primeiroCadastro => {\n  expect(primeiroCadastro.status).to.equal(201);\n  cy.request({\n    method: 'POST',\n    url: endpoint,\n    headers,\n    body: criarPayloadCupom(codigoDuplicado),\n    failOnStatusCode: false\n  }).then(segundoCadastro => {\n    expect(segundoCadastro.status).to.equal(400);\n    expect(segundoCadastro.body).to.have.property('message');\n  });\n  deletarCupom(primeiroCadastro.body.id);\n});",
              "err": {},
              "uuid": "6652ad10-14da-4a6b-8ef7-7cd59ed5441a",
              "parentUUID": "874fa247-b3ad-4d4e-a83b-304ce585e4d9",
              "isHook": false,
              "skipped": false
            }
          ],
          "suites": [],
          "passes": [
            "133c1fa5-21ac-4bae-b753-f1734cc8ba2e",
            "ca83b90d-36a3-45d9-b80a-65d97fe3069a",
            "2ea2f6e0-0656-4e4c-bd1c-a495cfeacff9",
            "6652ad10-14da-4a6b-8ef7-7cd59ed5441a"
          ],
          "failures": [],
          "pending": [],
          "skipped": [],
          "duration": 4055,
          "root": false,
          "rootEmpty": false,
          "_timeout": 2000
        }
      ],
      "passes": [],
      "failures": [],
      "pending": [],
      "skipped": [],
      "duration": 0,
      "root": true,
      "rootEmpty": true,
      "_timeout": 2000
    },
    {
      "uuid": "c2f38c5f-69e9-4b18-8614-7c80c1468370",
      "title": "",
      "fullFile": "cypress\\e2e\\1-loja-ebac\\Teste.API\\login.api.cy.js",
      "file": "cypress\\e2e\\1-loja-ebac\\Teste.API\\login.api.cy.js",
      "beforeHooks": [],
      "afterHooks": [],
      "tests": [],
      "suites": [
        {
          "uuid": "aefe723e-08fa-4bb1-a3b4-f76bad9a20b0",
          "title": "Login",
          "fullFile": "",
          "file": "",
          "beforeHooks": [],
          "afterHooks": [],
          "tests": [
            {
              "title": "Deve fazer login com sucesso",
              "fullTitle": "Login Deve fazer login com sucesso",
              "timedOut": null,
              "duration": 786,
              "state": "passed",
              "speed": "fast",
              "pass": true,
              "fail": false,
              "pending": false,
              "context": null,
              "code": "cy.request({\n  method: 'POST',\n  url: `${Cypress.env('apiUrl')}/login`,\n  body: {\n    \"email\": \"fulano@qa.com\",\n    \"password\": \"teste\"\n  }\n}).then(response => {\n  expect(response.status).to.equal(200);\n  expect(response.body.message).to.equal('Login realizado com sucesso');\n  cy.log(response.body.authorization);\n});",
              "err": {},
              "uuid": "8b69073d-3ae6-4e77-a920-cbe72e41155c",
              "parentUUID": "aefe723e-08fa-4bb1-a3b4-f76bad9a20b0",
              "isHook": false,
              "skipped": false
            }
          ],
          "suites": [],
          "passes": [
            "8b69073d-3ae6-4e77-a920-cbe72e41155c"
          ],
          "failures": [],
          "pending": [],
          "skipped": [],
          "duration": 786,
          "root": false,
          "rootEmpty": false,
          "_timeout": 2000
        }
      ],
      "passes": [],
      "failures": [],
      "pending": [],
      "skipped": [],
      "duration": 0,
      "root": true,
      "rootEmpty": true,
      "_timeout": 2000
    },
    {
      "uuid": "34bd4094-5c46-4701-a583-b0af49b46fe4",
      "title": "",
      "fullFile": "cypress\\e2e\\1-loja-ebac\\Teste.API\\produtos.api.cy.js",
      "file": "cypress\\e2e\\1-loja-ebac\\Teste.API\\produtos.api.cy.js",
      "beforeHooks": [],
      "afterHooks": [],
      "tests": [],
      "suites": [
        {
          "uuid": "eb497d9d-fd5b-496a-977f-2136502d9297",
          "title": "Testes da Funcionalidade Produtos",
          "fullFile": "",
          "file": "",
          "beforeHooks": [],
          "afterHooks": [],
          "tests": [
            {
              "title": "Deve validar contrato de produtos",
              "fullTitle": "Testes da Funcionalidade Produtos Deve validar contrato de produtos",
              "timedOut": null,
              "duration": 421,
              "state": "passed",
              "speed": "fast",
              "pass": true,
              "fail": false,
              "pending": false,
              "context": null,
              "code": "cy.request(`${Cypress.env('apiUrl')}/produtos`).then(response => {\n  return _produtos.default.validateAsync(response.body);\n});",
              "err": {},
              "uuid": "86f4860b-ea55-4109-a354-397c07b1c8b2",
              "parentUUID": "eb497d9d-fd5b-496a-977f-2136502d9297",
              "isHook": false,
              "skipped": false
            },
            {
              "title": "Deve listar os produtos cadastrados",
              "fullTitle": "Testes da Funcionalidade Produtos Deve listar os produtos cadastrados",
              "timedOut": null,
              "duration": 219,
              "state": "passed",
              "speed": "fast",
              "pass": true,
              "fail": false,
              "pending": false,
              "context": null,
              "code": "cy.request({\n  method: 'GET',\n  url: `${Cypress.env('apiUrl')}/produtos`\n}).then(response => {\n  //expect(response.body.produtos[9].nome).to.equal('Produto EBAC 436746')\n  expect(response.status).to.equal(200);\n  expect(response.body).to.have.property('produtos');\n  expect(response.duration).to.be.lessThan(2000);\n});",
              "err": {},
              "uuid": "0c3291e0-da43-4181-a095-8c777c2e3c12",
              "parentUUID": "eb497d9d-fd5b-496a-977f-2136502d9297",
              "isHook": false,
              "skipped": false
            },
            {
              "title": "Deve cadastrar um produto com sucesso",
              "fullTitle": "Testes da Funcionalidade Produtos Deve cadastrar um produto com sucesso",
              "timedOut": null,
              "duration": 222,
              "state": "passed",
              "speed": "fast",
              "pass": true,
              "fail": false,
              "pending": false,
              "context": null,
              "code": "let produto = `Produto EBAC ${Math.floor(Math.random() * 100000000)}`;\ncy.request({\n  method: 'POST',\n  url: `${Cypress.env('apiUrl')}/produtos`,\n  body: {\n    \"nome\": produto,\n    \"preco\": 200,\n    \"descricao\": \"Produto novo\",\n    \"quantidade\": 100\n  },\n  headers: {\n    authorization: token\n  }\n}).then(response => {\n  expect(response.status).to.equal(201);\n  expect(response.body.message).to.equal('Cadastro realizado com sucesso');\n});",
              "err": {},
              "uuid": "2aacdee0-2b21-44e2-b47a-d495890da25f",
              "parentUUID": "eb497d9d-fd5b-496a-977f-2136502d9297",
              "isHook": false,
              "skipped": false
            },
            {
              "title": "Deve validar mensagem de erro ao cadastrar produto repetido",
              "fullTitle": "Testes da Funcionalidade Produtos Deve validar mensagem de erro ao cadastrar produto repetido",
              "timedOut": null,
              "duration": 422,
              "state": "passed",
              "speed": "fast",
              "pass": true,
              "fail": false,
              "pending": false,
              "context": null,
              "code": "let produto = `Produto EBAC DUP ${Math.floor(Math.random() * 100000000)}`;\ncy.cadastrarProduto(token, produto, 250, \"Descrição do produto novo\", 180).then(response => {\n  expect(response.status).to.equal(201);\n  cy.cadastrarProduto(token, produto, 250, \"Descrição do produto novo\", 180).then(responseRepetido => {\n    expect(responseRepetido.status).to.equal(400);\n    expect(responseRepetido.body.message).to.equal('Já existe produto com esse nome');\n  });\n});",
              "err": {},
              "uuid": "5711dc0c-423f-42a8-80af-5ab83a798de7",
              "parentUUID": "eb497d9d-fd5b-496a-977f-2136502d9297",
              "isHook": false,
              "skipped": false
            },
            {
              "title": "Deve editar um produto já cadastrado",
              "fullTitle": "Testes da Funcionalidade Produtos Deve editar um produto já cadastrado",
              "timedOut": null,
              "duration": 411,
              "state": "passed",
              "speed": "fast",
              "pass": true,
              "fail": false,
              "pending": false,
              "context": null,
              "code": "cy.request(`${Cypress.env('apiUrl')}/produtos`).then(response => {\n  let id = response.body.produtos[0]._id;\n  let produtoEditado = `Produto Editado ${Math.floor(Math.random() * 100000000)}`;\n  cy.request({\n    method: 'PUT',\n    url: `${Cypress.env('apiUrl')}/produtos/${id}`,\n    headers: {\n      authorization: token\n    },\n    body: {\n      \"nome\": produtoEditado,\n      \"preco\": 100,\n      \"descricao\": \"Produto editado\",\n      \"quantidade\": 100\n    }\n  }).then(response => {\n    expect(response.body.message).to.equal('Registro alterado com sucesso');\n  });\n});",
              "err": {},
              "uuid": "c6b51ff9-22ce-4fd7-a08c-92ad2eb30a63",
              "parentUUID": "eb497d9d-fd5b-496a-977f-2136502d9297",
              "isHook": false,
              "skipped": false
            },
            {
              "title": "Deve editar um produto cadastrado previamente",
              "fullTitle": "Testes da Funcionalidade Produtos Deve editar um produto cadastrado previamente",
              "timedOut": null,
              "duration": 419,
              "state": "passed",
              "speed": "fast",
              "pass": true,
              "fail": false,
              "pending": false,
              "context": null,
              "code": "let produto = `Produto EBAC ${Math.floor(Math.random() * 100000000)}`;\ncy.cadastrarProduto(token, produto, 250, \"Descrição do produto novo\", 180).then(response => {\n  let id = response.body._id;\n  cy.request({\n    method: 'PUT',\n    url: `${Cypress.env('apiUrl')}/produtos/${id}`,\n    headers: {\n      authorization: token\n    },\n    body: {\n      \"nome\": produto,\n      \"preco\": 200,\n      \"descricao\": \"Produto editado\",\n      \"quantidade\": 300\n    }\n  }).then(response => {\n    expect(response.body.message).to.equal('Registro alterado com sucesso');\n  });\n});",
              "err": {},
              "uuid": "41ef9fb2-56f6-44aa-bac8-53cc01c9adf0",
              "parentUUID": "eb497d9d-fd5b-496a-977f-2136502d9297",
              "isHook": false,
              "skipped": false
            },
            {
              "title": "Deve deletar um produto previamente cadastrado",
              "fullTitle": "Testes da Funcionalidade Produtos Deve deletar um produto previamente cadastrado",
              "timedOut": null,
              "duration": 418,
              "state": "passed",
              "speed": "fast",
              "pass": true,
              "fail": false,
              "pending": false,
              "context": null,
              "code": "let produto = `Produto EBAC ${Math.floor(Math.random() * 100000000)}`;\ncy.cadastrarProduto(token, produto, 250, \"Descrição do produto novo\", 180).then(response => {\n  let id = response.body._id;\n  cy.request({\n    method: 'DELETE',\n    url: `${Cypress.env('apiUrl')}/produtos/${id}`,\n    headers: {\n      authorization: token\n    }\n  }).then(response => {\n    expect(response.body.message).to.equal('Registro excluído com sucesso');\n    expect(response.status).to.equal(200);\n  });\n});",
              "err": {},
              "uuid": "ae8fcdbf-8612-470e-b8cf-456a60b9e516",
              "parentUUID": "eb497d9d-fd5b-496a-977f-2136502d9297",
              "isHook": false,
              "skipped": false
            }
          ],
          "suites": [],
          "passes": [
            "86f4860b-ea55-4109-a354-397c07b1c8b2",
            "0c3291e0-da43-4181-a095-8c777c2e3c12",
            "2aacdee0-2b21-44e2-b47a-d495890da25f",
            "5711dc0c-423f-42a8-80af-5ab83a798de7",
            "c6b51ff9-22ce-4fd7-a08c-92ad2eb30a63",
            "41ef9fb2-56f6-44aa-bac8-53cc01c9adf0",
            "ae8fcdbf-8612-470e-b8cf-456a60b9e516"
          ],
          "failures": [],
          "pending": [],
          "skipped": [],
          "duration": 2532,
          "root": false,
          "rootEmpty": false,
          "_timeout": 2000
        }
      ],
      "passes": [],
      "failures": [],
      "pending": [],
      "skipped": [],
      "duration": 0,
      "root": true,
      "rootEmpty": true,
      "_timeout": 2000
    },
    {
      "uuid": "160d5351-1aae-48f4-9b45-fcf9e0638bdb",
      "title": "",
      "fullFile": "cypress\\e2e\\1-loja-ebac\\Teste.API\\login.api.cy.js",
      "file": "cypress\\e2e\\1-loja-ebac\\Teste.API\\login.api.cy.js",
      "beforeHooks": [],
      "afterHooks": [],
      "tests": [],
      "suites": [
        {
          "uuid": "b08d8a46-4e13-473b-afb2-86ac7cefd2e8",
          "title": "Login",
          "fullFile": "",
          "file": "",
          "beforeHooks": [],
          "afterHooks": [],
          "tests": [
            {
              "title": "Deve fazer login com sucesso",
              "fullTitle": "Login Deve fazer login com sucesso",
              "timedOut": null,
              "duration": 473,
              "state": "passed",
              "speed": "fast",
              "pass": true,
              "fail": false,
              "pending": false,
              "context": null,
              "code": "cy.request({\n  method: 'POST',\n  url: `${Cypress.env('apiUrl')}/login`,\n  body: {\n    \"email\": \"fulano@qa.com\",\n    \"password\": \"teste\"\n  }\n}).then(response => {\n  expect(response.status).to.equal(200);\n  expect(response.body.message).to.equal('Login realizado com sucesso');\n  cy.log(response.body.authorization);\n});",
              "err": {},
              "uuid": "063498d9-7852-4ea3-821e-7230b9ee2886",
              "parentUUID": "b08d8a46-4e13-473b-afb2-86ac7cefd2e8",
              "isHook": false,
              "skipped": false
            }
          ],
          "suites": [],
          "passes": [
            "063498d9-7852-4ea3-821e-7230b9ee2886"
          ],
          "failures": [],
          "pending": [],
          "skipped": [],
          "duration": 473,
          "root": false,
          "rootEmpty": false,
          "_timeout": 2000
        }
      ],
      "passes": [],
      "failures": [],
      "pending": [],
      "skipped": [],
      "duration": 0,
      "root": true,
      "rootEmpty": true,
      "_timeout": 2000
    }
  ],
  "meta": {
    "mocha": {
      "version": "7.0.1"
    },
    "mochawesome": {
      "options": {
        "quiet": false,
        "reportFilename": "mochawesome",
        "saveHtml": false,
        "saveJson": true,
        "consoleReporter": "spec",
        "useInlineDiffs": false,
        "code": true
      },
      "version": "7.1.4"
    },
    "marge": {
      "options": {
        "reportDir": "cypress/reports",
        "overwrite": false,
        "html": false,
        "json": true
      },
      "version": "6.3.2"
    }
  }
}