{
  "stats": {
    "suites": 2,
    "tests": 8,
    "passes": 8,
    "pending": 0,
    "failures": 0,
    "testsRegistered": 8,
    "passPercent": 100,
    "pendingPercent": 0,
    "other": 0,
    "hasOther": false,
    "skipped": 0,
    "hasSkipped": false,
    "start": "2026-03-14T20:08:57.968Z",
    "end": "2026-03-14T20:09:03.231Z",
    "duration": 5263
  },
  "results": [
    {
      "uuid": "160d5351-1aae-48f4-9b45-fcf9e0638bdb",
      "title": "",
      "fullFile": "cypress\\e2e\\1-loja-ebac\\Teste.API\\login.api.cy.js",
      "file": "cypress\\e2e\\1-loja-ebac\\Teste.API\\login.api.cy.js",
      "beforeHooks": [],
      "afterHooks": [],
      "tests": [],
      "suites": [
        {
          "uuid": "b08d8a46-4e13-473b-afb2-86ac7cefd2e8",
          "title": "Login",
          "fullFile": "",
          "file": "",
          "beforeHooks": [],
          "afterHooks": [],
          "tests": [
            {
              "title": "Deve fazer login com sucesso",
              "fullTitle": "Login Deve fazer login com sucesso",
              "timedOut": null,
              "duration": 473,
              "state": "passed",
              "speed": "fast",
              "pass": true,
              "fail": false,
              "pending": false,
              "context": null,
              "code": "cy.request({\n  method: 'POST',\n  url: `${Cypress.env('apiUrl')}/login`,\n  body: {\n    \"email\": \"fulano@qa.com\",\n    \"password\": \"teste\"\n  }\n}).then(response => {\n  expect(response.status).to.equal(200);\n  expect(response.body.message).to.equal('Login realizado com sucesso');\n  cy.log(response.body.authorization);\n});",
              "err": {},
              "uuid": "063498d9-7852-4ea3-821e-7230b9ee2886",
              "parentUUID": "b08d8a46-4e13-473b-afb2-86ac7cefd2e8",
              "isHook": false,
              "skipped": false
            }
          ],
          "suites": [],
          "passes": [
            "063498d9-7852-4ea3-821e-7230b9ee2886"
          ],
          "failures": [],
          "pending": [],
          "skipped": [],
          "duration": 473,
          "root": false,
          "rootEmpty": false,
          "_timeout": 2000
        }
      ],
      "passes": [],
      "failures": [],
      "pending": [],
      "skipped": [],
      "duration": 0,
      "root": true,
      "rootEmpty": true,
      "_timeout": 2000
    },
    {
      "uuid": "f8b10704-fb4b-4f75-ad8b-e3e7ccc9e3e9",
      "title": "",
      "fullFile": "cypress\\e2e\\1-loja-ebac\\Teste.API\\produtos.api.cy.js",
      "file": "cypress\\e2e\\1-loja-ebac\\Teste.API\\produtos.api.cy.js",
      "beforeHooks": [],
      "afterHooks": [],
      "tests": [],
      "suites": [
        {
          "uuid": "fa66f750-2b46-4f5f-ae08-ae60815c83cf",
          "title": "Testes da Funcionalidade Produtos",
          "fullFile": "",
          "file": "",
          "beforeHooks": [],
          "afterHooks": [],
          "tests": [
            {
              "title": "Deve validar contrato de produtos",
              "fullTitle": "Testes da Funcionalidade Produtos Deve validar contrato de produtos",
              "timedOut": null,
              "duration": 453,
              "state": "passed",
              "speed": "fast",
              "pass": true,
              "fail": false,
              "pending": false,
              "context": null,
              "code": "cy.request(`${Cypress.env('apiUrl')}/produtos`).then(response => {\n  return _produtos.default.validateAsync(response.body);\n});",
              "err": {},
              "uuid": "6d3a7107-469e-4e0b-9a7e-0ec87d4003bd",
              "parentUUID": "fa66f750-2b46-4f5f-ae08-ae60815c83cf",
              "isHook": false,
              "skipped": false
            },
            {
              "title": "Deve listar os produtos cadastrados",
              "fullTitle": "Testes da Funcionalidade Produtos Deve listar os produtos cadastrados",
              "timedOut": null,
              "duration": 238,
              "state": "passed",
              "speed": "fast",
              "pass": true,
              "fail": false,
              "pending": false,
              "context": null,
              "code": "cy.request({\n  method: 'GET',\n  url: `${Cypress.env('apiUrl')}/produtos`\n}).then(response => {\n  //expect(response.body.produtos[9].nome).to.equal('Produto EBAC 436746')\n  expect(response.status).to.equal(200);\n  expect(response.body).to.have.property('produtos');\n  expect(response.duration).to.be.lessThan(2000);\n});",
              "err": {},
              "uuid": "f78543da-104a-4042-8440-57d48951651f",
              "parentUUID": "fa66f750-2b46-4f5f-ae08-ae60815c83cf",
              "isHook": false,
              "skipped": false
            },
            {
              "title": "Deve cadastrar um produto com sucesso",
              "fullTitle": "Testes da Funcionalidade Produtos Deve cadastrar um produto com sucesso",
              "timedOut": null,
              "duration": 222,
              "state": "passed",
              "speed": "fast",
              "pass": true,
              "fail": false,
              "pending": false,
              "context": null,
              "code": "let produto = `Produto EBAC ${Math.floor(Math.random() * 100000000)}`;\ncy.request({\n  method: 'POST',\n  url: `${Cypress.env('apiUrl')}/produtos`,\n  body: {\n    \"nome\": produto,\n    \"preco\": 200,\n    \"descricao\": \"Produto novo\",\n    \"quantidade\": 100\n  },\n  headers: {\n    authorization: token\n  }\n}).then(response => {\n  expect(response.status).to.equal(201);\n  expect(response.body.message).to.equal('Cadastro realizado com sucesso');\n});",
              "err": {},
              "uuid": "3e97fcd8-6d5a-43d3-b717-7c85fda1bb89",
              "parentUUID": "fa66f750-2b46-4f5f-ae08-ae60815c83cf",
              "isHook": false,
              "skipped": false
            },
            {
              "title": "Deve validar mensagem de erro ao cadastrar produto repetido",
              "fullTitle": "Testes da Funcionalidade Produtos Deve validar mensagem de erro ao cadastrar produto repetido",
              "timedOut": null,
              "duration": 421,
              "state": "passed",
              "speed": "fast",
              "pass": true,
              "fail": false,
              "pending": false,
              "context": null,
              "code": "let produto = `Produto EBAC DUP ${Math.floor(Math.random() * 100000000)}`;\ncy.cadastrarProduto(token, produto, 250, \"Descrição do produto novo\", 180).then(response => {\n  expect(response.status).to.equal(201);\n  cy.cadastrarProduto(token, produto, 250, \"Descrição do produto novo\", 180).then(responseRepetido => {\n    expect(responseRepetido.status).to.equal(400);\n    expect(responseRepetido.body.message).to.equal('Já existe produto com esse nome');\n  });\n});",
              "err": {},
              "uuid": "a952b3d3-f9cd-4f13-ade2-c0c8ead52d68",
              "parentUUID": "fa66f750-2b46-4f5f-ae08-ae60815c83cf",
              "isHook": false,
              "skipped": false
            },
            {
              "title": "Deve editar um produto já cadastrado",
              "fullTitle": "Testes da Funcionalidade Produtos Deve editar um produto já cadastrado",
              "timedOut": null,
              "duration": 430,
              "state": "passed",
              "speed": "fast",
              "pass": true,
              "fail": false,
              "pending": false,
              "context": null,
              "code": "cy.request(`${Cypress.env('apiUrl')}/produtos`).then(response => {\n  let id = response.body.produtos[0]._id;\n  let produtoEditado = `Produto Editado ${Math.floor(Math.random() * 100000000)}`;\n  cy.request({\n    method: 'PUT',\n    url: `${Cypress.env('apiUrl')}/produtos/${id}`,\n    headers: {\n      authorization: token\n    },\n    body: {\n      \"nome\": produtoEditado,\n      \"preco\": 100,\n      \"descricao\": \"Produto editado\",\n      \"quantidade\": 100\n    }\n  }).then(response => {\n    expect(response.body.message).to.equal('Registro alterado com sucesso');\n  });\n});",
              "err": {},
              "uuid": "dee6af90-1cea-44e9-bbe5-3318c1e32d5d",
              "parentUUID": "fa66f750-2b46-4f5f-ae08-ae60815c83cf",
              "isHook": false,
              "skipped": false
            },
            {
              "title": "Deve editar um produto cadastrado previamente",
              "fullTitle": "Testes da Funcionalidade Produtos Deve editar um produto cadastrado previamente",
              "timedOut": null,
              "duration": 406,
              "state": "passed",
              "speed": "fast",
              "pass": true,
              "fail": false,
              "pending": false,
              "context": null,
              "code": "let produto = `Produto EBAC ${Math.floor(Math.random() * 100000000)}`;\ncy.cadastrarProduto(token, produto, 250, \"Descrição do produto novo\", 180).then(response => {\n  let id = response.body._id;\n  cy.request({\n    method: 'PUT',\n    url: `${Cypress.env('apiUrl')}/produtos/${id}`,\n    headers: {\n      authorization: token\n    },\n    body: {\n      \"nome\": produto,\n      \"preco\": 200,\n      \"descricao\": \"Produto editado\",\n      \"quantidade\": 300\n    }\n  }).then(response => {\n    expect(response.body.message).to.equal('Registro alterado com sucesso');\n  });\n});",
              "err": {},
              "uuid": "d7149ddd-c605-4f6f-9759-c47c2d679ae8",
              "parentUUID": "fa66f750-2b46-4f5f-ae08-ae60815c83cf",
              "isHook": false,
              "skipped": false
            },
            {
              "title": "Deve deletar um produto previamente cadastrado",
              "fullTitle": "Testes da Funcionalidade Produtos Deve deletar um produto previamente cadastrado",
              "timedOut": null,
              "duration": 411,
              "state": "passed",
              "speed": "fast",
              "pass": true,
              "fail": false,
              "pending": false,
              "context": null,
              "code": "let produto = `Produto EBAC ${Math.floor(Math.random() * 100000000)}`;\ncy.cadastrarProduto(token, produto, 250, \"Descrição do produto novo\", 180).then(response => {\n  let id = response.body._id;\n  cy.request({\n    method: 'DELETE',\n    url: `${Cypress.env('apiUrl')}/produtos/${id}`,\n    headers: {\n      authorization: token\n    }\n  }).then(response => {\n    expect(response.body.message).to.equal('Registro excluído com sucesso');\n    expect(response.status).to.equal(200);\n  });\n});",
              "err": {},
              "uuid": "0f317e91-b454-4aed-bae0-0a530261cd39",
              "parentUUID": "fa66f750-2b46-4f5f-ae08-ae60815c83cf",
              "isHook": false,
              "skipped": false
            }
          ],
          "suites": [],
          "passes": [
            "6d3a7107-469e-4e0b-9a7e-0ec87d4003bd",
            "f78543da-104a-4042-8440-57d48951651f",
            "3e97fcd8-6d5a-43d3-b717-7c85fda1bb89",
            "a952b3d3-f9cd-4f13-ade2-c0c8ead52d68",
            "dee6af90-1cea-44e9-bbe5-3318c1e32d5d",
            "d7149ddd-c605-4f6f-9759-c47c2d679ae8",
            "0f317e91-b454-4aed-bae0-0a530261cd39"
          ],
          "failures": [],
          "pending": [],
          "skipped": [],
          "duration": 2581,
          "root": false,
          "rootEmpty": false,
          "_timeout": 2000
        }
      ],
      "passes": [],
      "failures": [],
      "pending": [],
      "skipped": [],
      "duration": 0,
      "root": true,
      "rootEmpty": true,
      "_timeout": 2000
    }
  ],
  "meta": {
    "mocha": {
      "version": "7.0.1"
    },
    "mochawesome": {
      "options": {
        "quiet": false,
        "reportFilename": "mochawesome",
        "saveHtml": false,
        "saveJson": true,
        "consoleReporter": "spec",
        "useInlineDiffs": false,
        "code": true
      },
      "version": "7.1.4"
    },
    "marge": {
      "options": {
        "reportDir": "cypress/reports",
        "overwrite": false,
        "html": false,
        "json": true
      },
      "version": "6.3.2"
    }
  }
}