{
  "stats": {
    "suites": 1,
    "tests": 4,
    "passes": 4,
    "pending": 0,
    "failures": 0,
    "testsRegistered": 4,
    "passPercent": 100,
    "pendingPercent": 0,
    "other": 0,
    "hasOther": false,
    "skipped": 0,
    "hasSkipped": false,
    "start": "2026-03-14T20:41:19.210Z",
    "end": "2026-03-14T20:41:23.173Z",
    "duration": 3963
  },
  "results": [
    {
      "uuid": "b7b81e6d-7373-43a6-b022-0a71d7fa6338",
      "title": "",
      "fullFile": "cypress\\e2e\\1-loja-ebac\\Teste.API\\cupons.api.cy.js",
      "file": "cypress\\e2e\\1-loja-ebac\\Teste.API\\cupons.api.cy.js",
      "beforeHooks": [],
      "afterHooks": [],
      "tests": [],
      "suites": [
        {
          "uuid": "30a018f8-5103-4153-920b-abbfa26a99dc",
          "title": "US-0003 - API de cupons",
          "fullFile": "",
          "file": "",
          "beforeHooks": [],
          "afterHooks": [],
          "tests": [
            {
              "title": "Deve listar todos os cupons cadastrados",
              "fullTitle": "US-0003 - API de cupons Deve listar todos os cupons cadastrados",
              "timedOut": null,
              "duration": 388,
              "state": "passed",
              "speed": "fast",
              "pass": true,
              "fail": false,
              "pending": false,
              "context": null,
              "code": "cy.request({\n  method: 'GET',\n  url: endpoint,\n  headers\n}).then(response => {\n  expect(response.status).to.equal(200);\n  expect(response.body).to.be.an('array');\n});",
              "err": {},
              "uuid": "4b91fefa-adc1-46b4-8a0b-700dacdc65da",
              "parentUUID": "30a018f8-5103-4153-920b-abbfa26a99dc",
              "isHook": false,
              "skipped": false
            },
            {
              "title": "Deve listar cupom buscando por ID",
              "fullTitle": "US-0003 - API de cupons Deve listar cupom buscando por ID",
              "timedOut": null,
              "duration": 491,
              "state": "passed",
              "speed": "fast",
              "pass": true,
              "fail": false,
              "pending": false,
              "context": null,
              "code": "cy.request({\n  method: 'GET',\n  url: endpoint,\n  headers,\n  qs: {\n    per_page: 1\n  }\n}).then(listaResponse => {\n  expect(listaResponse.status).to.equal(200);\n  expect(listaResponse.body).to.be.an('array');\n  if (listaResponse.body.length > 0) {\n    const idExistente = listaResponse.body[0].id;\n    cy.request({\n      method: 'GET',\n      url: `${endpoint}/${idExistente}`,\n      headers\n    }).then(cupomResponse => {\n      expect(cupomResponse.status).to.equal(200);\n      expect(cupomResponse.body).to.have.property('id', idExistente);\n    });\n    return;\n  }\n  const codigoNovo = `ganhe10-${Date.now()}`;\n  cy.request({\n    method: 'POST',\n    url: endpoint,\n    headers,\n    body: criarPayloadCupom(codigoNovo)\n  }).then(criaResponse => {\n    expect(criaResponse.status).to.equal(201);\n    const idCriado = criaResponse.body.id;\n    cy.request({\n      method: 'GET',\n      url: `${endpoint}/${idCriado}`,\n      headers\n    }).then(cupomResponse => {\n      expect(cupomResponse.status).to.equal(200);\n      expect(cupomResponse.body).to.have.property('id', idCriado);\n    });\n    deletarCupom(idCriado);\n  });\n});",
              "err": {},
              "uuid": "68d70463-1146-426c-a0c9-654e14785594",
              "parentUUID": "30a018f8-5103-4153-920b-abbfa26a99dc",
              "isHook": false,
              "skipped": false
            },
            {
              "title": "Deve cadastrar cupom com campos obrigatorios",
              "fullTitle": "US-0003 - API de cupons Deve cadastrar cupom com campos obrigatorios",
              "timedOut": null,
              "duration": 1381,
              "state": "passed",
              "speed": "fast",
              "pass": true,
              "fail": false,
              "pending": false,
              "context": null,
              "code": "const codigoNovo = `ganhe10-${Date.now()}`;\ncy.request({\n  method: 'POST',\n  url: endpoint,\n  headers,\n  body: criarPayloadCupom(codigoNovo)\n}).then(response => {\n  expect(response.status).to.equal(201);\n  expect(response.body).to.have.property('code');\n  expect(String(response.body.code).toLowerCase()).to.equal(codigoNovo.toLowerCase());\n  expect(response.body).to.have.property('amount');\n  expect(response.body).to.have.property('discount_type', 'fixed_product');\n  expect(response.body).to.have.property('description');\n  deletarCupom(response.body.id);\n});",
              "err": {},
              "uuid": "3d205732-f37a-4811-8675-227adc7a94b2",
              "parentUUID": "30a018f8-5103-4153-920b-abbfa26a99dc",
              "isHook": false,
              "skipped": false
            },
            {
              "title": "Nao deve permitir cadastrar cupom com codigo repetido",
              "fullTitle": "US-0003 - API de cupons Nao deve permitir cadastrar cupom com codigo repetido",
              "timedOut": null,
              "duration": 1630,
              "state": "passed",
              "speed": "fast",
              "pass": true,
              "fail": false,
              "pending": false,
              "context": null,
              "code": "const codigoDuplicado = `ganhe10-dup-${Date.now()}`;\ncy.request({\n  method: 'POST',\n  url: endpoint,\n  headers,\n  body: criarPayloadCupom(codigoDuplicado)\n}).then(primeiroCadastro => {\n  expect(primeiroCadastro.status).to.equal(201);\n  cy.request({\n    method: 'POST',\n    url: endpoint,\n    headers,\n    body: criarPayloadCupom(codigoDuplicado),\n    failOnStatusCode: false\n  }).then(segundoCadastro => {\n    expect(segundoCadastro.status).to.equal(400);\n    expect(segundoCadastro.body).to.have.property('message');\n  });\n  deletarCupom(primeiroCadastro.body.id);\n});",
              "err": {},
              "uuid": "1b83e909-af08-474b-b5b2-7baa6c8cbf3b",
              "parentUUID": "30a018f8-5103-4153-920b-abbfa26a99dc",
              "isHook": false,
              "skipped": false
            }
          ],
          "suites": [],
          "passes": [
            "4b91fefa-adc1-46b4-8a0b-700dacdc65da",
            "68d70463-1146-426c-a0c9-654e14785594",
            "3d205732-f37a-4811-8675-227adc7a94b2",
            "1b83e909-af08-474b-b5b2-7baa6c8cbf3b"
          ],
          "failures": [],
          "pending": [],
          "skipped": [],
          "duration": 3890,
          "root": false,
          "rootEmpty": false,
          "_timeout": 2000
        }
      ],
      "passes": [],
      "failures": [],
      "pending": [],
      "skipped": [],
      "duration": 0,
      "root": true,
      "rootEmpty": true,
      "_timeout": 2000
    }
  ],
  "meta": {
    "mocha": {
      "version": "7.0.1"
    },
    "mochawesome": {
      "options": {
        "quiet": false,
        "reportFilename": "mochawesome",
        "saveHtml": false,
        "saveJson": true,
        "consoleReporter": "spec",
        "useInlineDiffs": false,
        "code": true
      },
      "version": "7.1.4"
    },
    "marge": {
      "options": {
        "reportDir": "cypress/reports",
        "overwrite": false,
        "html": false,
        "json": true
      },
      "version": "6.3.2"
    }
  }
}